# JRE version: OpenJDK Runtime Environment (8.0_141-b15) (build 1.8.0_141-BLFS-b15)
# Java VM: OpenJDK 64-Bit Server VM (25.141-b15 mixed mode linux-amd64 compressed oops)
Heap:
 PSYoungGen      total 20992K, used 16255K [0x00000000eab00000, 0x00000000ec200000, 0x0000000100000000)
  eden space 20480K, 78% used [0x00000000eab00000,0x00000000ebac7f10,0x00000000ebf00000)
  from space 512K, 18% used [0x00000000ec180000,0x00000000ec198000,0x00000000ec200000)
  to   space 512K, 0% used [0x00000000ec100000,0x00000000ec100000,0x00000000ec180000)
 ParOldGen       total 58880K, used 29026K [0x00000000c0000000, 0x00000000c3980000, 0x00000000eab00000)
  object space 58880K, 49% used [0x00000000c0000000,0x00000000c1c589e8,0x00000000c3980000)
 Metaspace       used 18870K, capacity 19234K, committed 19584K, reserved 1067008K
  class space    used 2018K, capacity 2130K, committed 2176K, reserved 1048576K
GC Heap History (10 events):
Event: 25104,488 GC heap before
{Heap before GC invocations=828 (full 0):
 PSYoungGen      total 20992K, used 20752K [0x00000000eab00000, 0x00000000ec200000, 0x0000000100000000)
  eden space 20480K, 100% used [0x00000000eab00000,0x00000000ebf00000,0x00000000ebf00000)
  from space 512K, 53% used [0x00000000ec100000,0x00000000ec144240,0x00000000ec180000)
  to   space 512K, 0% used [0x00000000ec180000,0x00000000ec180000,0x00000000ec200000)
 ParOldGen       total 58880K, used 27515K [0x00000000c0000000, 0x00000000c3980000, 0x00000000eab00000)
  object space 58880K, 46% used [0x00000000c0000000,0x00000000c1adefe0,0x00000000c3980000)
 Metaspace       used 18817K, capacity 19170K, committed 19328K, reserved 1067008K
  class space    used 2015K, capacity 2130K, committed 2176K, reserved 1048576K
Event: 25104,490 GC heap after
Heap after GC invocations=828 (full 0):
 PSYoungGen      total 20992K, used 305K [0x00000000eab00000, 0x00000000ec200000, 0x0000000100000000)
  eden space 20480K, 0% used [0x00000000eab00000,0x00000000eab00000,0x00000000ebf00000)
  from space 512K, 59% used [0x00000000ec180000,0x00000000ec1cc490,0x00000000ec200000)
  to   space 512K, 0% used [0x00000000ec100000,0x00000000ec100000,0x00000000ec180000)
 ParOldGen       total 58880K, used 27597K [0x00000000c0000000, 0x00000000c3980000, 0x00000000eab00000)
  object space 58880K, 46% used [0x00000000c0000000,0x00000000c1af3470,0x00000000c3980000)
 Metaspace       used 18817K, capacity 19170K, committed 19328K, reserved 1067008K
  class space    used 2015K, capacity 2130K, committed 2176K, reserved 1048576K
}
Event: 25106,030 GC heap before
{Heap before GC invocations=829 (full 0):
 PSYoungGen      total 20992K, used 20785K [0x00000000eab00000, 0x00000000ec200000, 0x0000000100000000)
  eden space 20480K, 100% used [0x00000000eab00000,0x00000000ebf00000,0x00000000ebf00000)
  from space 512K, 59% used [0x00000000ec180000,0x00000000ec1cc490,0x00000000ec200000)
  to   space 512K, 0% used [0x00000000ec100000,0x00000000ec100000,0x00000000ec180000)
 ParOldGen       total 58880K, used 27597K [0x00000000c0000000, 0x00000000c3980000, 0x00000000eab00000)
  object space 58880K, 46% used [0x00000000c0000000,0x00000000c1af3470,0x00000000c3980000)
 Metaspace       used 18822K, capacity 19170K, committed 19328K, reserved 1067008K
  class space    used 2015K, capacity 2130K, committed 2176K, reserved 1048576K
Event: 25106,034 GC heap after
Heap after GC invocations=829 (full 0):
 PSYoungGen      total 20992K, used 482K [0x00000000eab00000, 0x00000000ec200000, 0x0000000100000000)
  eden space 20480K, 0% used [0x00000000eab00000,0x00000000eab00000,0x00000000ebf00000)
  from space 512K, 94% used [0x00000000ec100000,0x00000000ec178900,0x00000000ec180000)
  to   space 512K, 0% used [0x00000000ec180000,0x00000000ec180000,0x00000000ec200000)
 ParOldGen       total 58880K, used 27743K [0x00000000c0000000, 0x00000000c3980000, 0x00000000eab00000)
  object space 58880K, 47% used [0x00000000c0000000,0x00000000c1b17d40,0x00000000c3980000)
 Metaspace       used 18822K, capacity 19170K, committed 19328K, reserved 1067008K
  class space    used 2015K, capacity 2130K, committed 2176K, reserved 1048576K
}
Event: 25148,854 GC heap before
{Heap before GC invocations=830 (full 0):
 PSYoungGen      total 20992K, used 20962K [0x00000000eab00000, 0x00000000ec200000, 0x0000000100000000)
  eden space 20480K, 100% used [0x00000000eab00000,0x00000000ebf00000,0x00000000ebf00000)
  from space 512K, 94% used [0x00000000ec100000,0x00000000ec178900,0x00000000ec180000)
  to   space 512K, 0% used [0x00000000ec180000,0x00000000ec180000,0x00000000ec200000)
 ParOldGen       total 58880K, used 27743K [0x00000000c0000000, 0x00000000c3980000, 0x00000000eab00000)
  object space 58880K, 47% used [0x00000000c0000000,0x00000000c1b17d40,0x00000000c3980000)
 Metaspace       used 18833K, capacity 19170K, committed 19328K, reserved 1067008K
  class space    used 2015K, capacity 2130K, committed 2176K, reserved 1048576K
Event: 25149,154 GC heap after
Heap after GC invocations=830 (full 0):
 PSYoungGen      total 20992K, used 240K [0x00000000eab00000, 0x00000000ec200000, 0x0000000100000000)
  eden space 20480K, 0% used [0x00000000eab00000,0x00000000eab00000,0x00000000ebf00000)
  from space 512K, 46% used [0x00000000ec180000,0x00000000ec1bc010,0x00000000ec200000)
  to   space 512K, 0% used [0x00000000ec100000,0x00000000ec100000,0x00000000ec180000)
 ParOldGen       total 58880K, used 28906K [0x00000000c0000000, 0x00000000c3980000, 0x00000000eab00000)
  object space 58880K, 49% used [0x00000000c0000000,0x00000000c1c3aa70,0x00000000c3980000)
 Metaspace       used 18833K, capacity 19170K, committed 19328K, reserved 1067008K
  class space    used 2015K, capacity 2130K, committed 2176K, reserved 1048576K
}
Event: 25298,800 GC heap before
{Heap before GC invocations=831 (full 0):
 PSYoungGen      total 20992K, used 20720K [0x00000000eab00000, 0x00000000ec200000, 0x0000000100000000)
  eden space 20480K, 100% used [0x00000000eab00000,0x00000000ebf00000,0x00000000ebf00000)
  from space 512K, 46% used [0x00000000ec180000,0x00000000ec1bc010,0x00000000ec200000)
  to   space 512K, 0% used [0x00000000ec100000,0x00000000ec100000,0x00000000ec180000)
 ParOldGen       total 58880K, used 28906K [0x00000000c0000000, 0x00000000c3980000, 0x00000000eab00000)
  object space 58880K, 49% used [0x00000000c0000000,0x00000000c1c3aa70,0x00000000c3980000)
 Metaspace       used 18840K, capacity 19170K, committed 19328K, reserved 1067008K
  class space    used 2015K, capacity 2130K, committed 2176K, reserved 1048576K
Event: 25298,857 GC heap after
Heap after GC invocations=831 (full 0):
 PSYoungGen      total 20992K, used 128K [0x00000000eab00000, 0x00000000ec200000, 0x0000000100000000)
  eden space 20480K, 0% used [0x00000000eab00000,0x00000000eab00000,0x00000000ebf00000)
  from space 512K, 25% used [0x00000000ec100000,0x00000000ec120000,0x00000000ec180000)
  to   space 512K, 0% used [0x00000000ec180000,0x00000000ec180000,0x00000000ec200000)
 ParOldGen       total 58880K, used 28986K [0x00000000c0000000, 0x00000000c3980000, 0x00000000eab00000)
  object space 58880K, 49% used [0x00000000c0000000,0x00000000c1c4e9e8,0x00000000c3980000)
 Metaspace       used 18840K, capacity 19170K, committed 19328K, reserved 1067008K
  class space    used 2015K, capacity 2130K, committed 2176K, reserved 1048576K
}
Event: 25524,800 GC heap before
{Heap before GC invocations=832 (full 0):
 PSYoungGen      total 20992K, used 20608K [0x00000000eab00000, 0x00000000ec200000, 0x0000000100000000)
  eden space 20480K, 100% used [0x00000000eab00000,0x00000000ebf00000,0x00000000ebf00000)
  from space 512K, 25% used [0x00000000ec100000,0x00000000ec120000,0x00000000ec180000)
  to   space 512K, 0% used [0x00000000ec180000,0x00000000ec180000,0x00000000ec200000)
 ParOldGen       total 58880K, used 28986K [0x00000000c0000000, 0x00000000c3980000, 0x00000000eab00000)
  object space 58880K, 49% used [0x00000000c0000000,0x00000000c1c4e9e8,0x00000000c3980000)
 Metaspace       used 18842K, capacity 19170K, committed 19328K, reserved 1067008K
  class space    used 2015K, capacity 2130K, committed 2176K, reserved 1048576K
Event: 25524,808 GC heap after
Heap after GC invocations=832 (full 0):
 PSYoungGen      total 20992K, used 96K [0x00000000eab00000, 0x00000000ec200000, 0x0000000100000000)
  eden space 20480K, 0% used [0x00000000eab00000,0x00000000eab00000,0x00000000ebf00000)
  from space 512K, 18% used [0x00000000ec180000,0x00000000ec198000,0x00000000ec200000)
  to   space 512K, 0% used [0x00000000ec100000,0x00000000ec100000,0x00000000ec180000)
 ParOldGen       total 58880K, used 29026K [0x00000000c0000000, 0x00000000c3980000, 0x00000000eab00000)
  object space 58880K, 49% used [0x00000000c0000000,0x00000000c1c589e8,0x00000000c3980000)
 Metaspace       used 18842K, capacity 19170K, committed 19328K, reserved 1067008K
  class space    used 2015K, capacity 2130K, committed 2176K, reserved 1048576K
}

