# JRE version: OpenJDK Runtime Environment (8.0_141-b15) (build 1.8.0_141-BLFS-b15)
# Java VM: OpenJDK 64-Bit Server VM (25.141-b15 mixed mode linux-amd64 compressed oops)
Heap:
 PSYoungGen      total 20992K, used 13782K [0x00000000eab00000, 0x00000000ec080000, 0x0000000100000000)
  eden space 20480K, 66% used [0x00000000eab00000,0x00000000eb845b48,0x00000000ebf00000)
  from space 512K, 37% used [0x00000000ec000000,0x00000000ec030000,0x00000000ec080000)
  to   space 512K, 0% used [0x00000000ebf80000,0x00000000ebf80000,0x00000000ec000000)
 ParOldGen       total 58880K, used 14664K [0x00000000c0000000, 0x00000000c3980000, 0x00000000eab00000)
  object space 58880K, 24% used [0x00000000c0000000,0x00000000c0e52280,0x00000000c3980000)
 Metaspace       used 18709K, capacity 18992K, committed 19328K, reserved 1067008K
  class space    used 2045K, capacity 2159K, committed 2176K, reserved 1048576K
GC Heap History (10 events):
Event: 13496,493 GC heap before
{Heap before GC invocations=298 (full 0):
 PSYoungGen      total 20992K, used 20752K [0x00000000eab00000, 0x00000000ec080000, 0x0000000100000000)
  eden space 20480K, 100% used [0x00000000eab00000,0x00000000ebf00000,0x00000000ebf00000)
  from space 512K, 53% used [0x00000000ebf80000,0x00000000ebfc4260,0x00000000ec000000)
  to   space 512K, 0% used [0x00000000ec000000,0x00000000ec000000,0x00000000ec080000)
 ParOldGen       total 58880K, used 13037K [0x00000000c0000000, 0x00000000c3980000, 0x00000000eab00000)
  object space 58880K, 22% used [0x00000000c0000000,0x00000000c0cbb588,0x00000000c3980000)
 Metaspace       used 18511K, capacity 18826K, committed 19072K, reserved 1067008K
  class space    used 2016K, capacity 2126K, committed 2176K, reserved 1048576K
Event: 13496,496 GC heap after
Heap after GC invocations=298 (full 0):
 PSYoungGen      total 20992K, used 272K [0x00000000eab00000, 0x00000000ec080000, 0x0000000100000000)
  eden space 20480K, 0% used [0x00000000eab00000,0x00000000eab00000,0x00000000ebf00000)
  from space 512K, 53% used [0x00000000ec000000,0x00000000ec044020,0x00000000ec080000)
  to   space 512K, 0% used [0x00000000ebf80000,0x00000000ebf80000,0x00000000ec000000)
 ParOldGen       total 58880K, used 13182K [0x00000000c0000000, 0x00000000c3980000, 0x00000000eab00000)
  object space 58880K, 22% used [0x00000000c0000000,0x00000000c0cdfa28,0x00000000c3980000)
 Metaspace       used 18511K, capacity 18826K, committed 19072K, reserved 1067008K
  class space    used 2016K, capacity 2126K, committed 2176K, reserved 1048576K
}
Event: 13497,798 GC heap before
{Heap before GC invocations=299 (full 0):
 PSYoungGen      total 20992K, used 20752K [0x00000000eab00000, 0x00000000ec080000, 0x0000000100000000)
  eden space 20480K, 100% used [0x00000000eab00000,0x00000000ebf00000,0x00000000ebf00000)
  from space 512K, 53% used [0x00000000ec000000,0x00000000ec044020,0x00000000ec080000)
  to   space 512K, 0% used [0x00000000ebf80000,0x00000000ebf80000,0x00000000ec000000)
 ParOldGen       total 58880K, used 13182K [0x00000000c0000000, 0x00000000c3980000, 0x00000000eab00000)
  object space 58880K, 22% used [0x00000000c0000000,0x00000000c0cdfa28,0x00000000c3980000)
 Metaspace       used 18512K, capacity 18826K, committed 19072K, reserved 1067008K
  class space    used 2016K, capacity 2126K, committed 2176K, reserved 1048576K
Event: 13497,801 GC heap after
Heap after GC invocations=299 (full 0):
 PSYoungGen      total 20992K, used 288K [0x00000000eab00000, 0x00000000ec080000, 0x0000000100000000)
  eden space 20480K, 0% used [0x00000000eab00000,0x00000000eab00000,0x00000000ebf00000)
  from space 512K, 56% used [0x00000000ebf80000,0x00000000ebfc8020,0x00000000ec000000)
  to   space 512K, 0% used [0x00000000ec000000,0x00000000ec000000,0x00000000ec080000)
 ParOldGen       total 58880K, used 13285K [0x00000000c0000000, 0x00000000c3980000, 0x00000000eab00000)
  object space 58880K, 22% used [0x00000000c0000000,0x00000000c0cf94b0,0x00000000c3980000)
 Metaspace       used 18512K, capacity 18826K, committed 19072K, reserved 1067008K
  class space    used 2016K, capacity 2126K, committed 2176K, reserved 1048576K
}
Event: 13499,306 GC heap before
{Heap before GC invocations=300 (full 0):
 PSYoungGen      total 20992K, used 20768K [0x00000000eab00000, 0x00000000ec080000, 0x0000000100000000)
  eden space 20480K, 100% used [0x00000000eab00000,0x00000000ebf00000,0x00000000ebf00000)
  from space 512K, 56% used [0x00000000ebf80000,0x00000000ebfc8020,0x00000000ec000000)
  to   space 512K, 0% used [0x00000000ec000000,0x00000000ec000000,0x00000000ec080000)
 ParOldGen       total 58880K, used 13285K [0x00000000c0000000, 0x00000000c3980000, 0x00000000eab00000)
  object space 58880K, 22% used [0x00000000c0000000,0x00000000c0cf94b0,0x00000000c3980000)
 Metaspace       used 18517K, capacity 18832K, committed 19072K, reserved 1067008K
  class space    used 2017K, capacity 2127K, committed 2176K, reserved 1048576K
Event: 13499,308 GC heap after
Heap after GC invocations=300 (full 0):
 PSYoungGen      total 20992K, used 481K [0x00000000eab00000, 0x00000000ec080000, 0x0000000100000000)
  eden space 20480K, 0% used [0x00000000eab00000,0x00000000eab00000,0x00000000ebf00000)
  from space 512K, 94% used [0x00000000ec000000,0x00000000ec0786d0,0x00000000ec080000)
  to   space 512K, 0% used [0x00000000ebf80000,0x00000000ebf80000,0x00000000ec000000)
 ParOldGen       total 58880K, used 13405K [0x00000000c0000000, 0x00000000c3980000, 0x00000000eab00000)
  object space 58880K, 22% used [0x00000000c0000000,0x00000000c0d174f0,0x00000000c3980000)
 Metaspace       used 18517K, capacity 18832K, committed 19072K, reserved 1067008K
  class space    used 2017K, capacity 2127K, committed 2176K, reserved 1048576K
}
Event: 13503,315 GC heap before
{Heap before GC invocations=301 (full 0):
 PSYoungGen      total 20992K, used 20961K [0x00000000eab00000, 0x00000000ec080000, 0x0000000100000000)
  eden space 20480K, 100% used [0x00000000eab00000,0x00000000ebf00000,0x00000000ebf00000)
  from space 512K, 94% used [0x00000000ec000000,0x00000000ec0786d0,0x00000000ec080000)
  to   space 512K, 0% used [0x00000000ebf80000,0x00000000ebf80000,0x00000000ec000000)
 ParOldGen       total 58880K, used 13405K [0x00000000c0000000, 0x00000000c3980000, 0x00000000eab00000)
  object space 58880K, 22% used [0x00000000c0000000,0x00000000c0d174f0,0x00000000c3980000)
 Metaspace       used 18520K, capacity 18832K, committed 19072K, reserved 1067008K
  class space    used 2017K, capacity 2127K, committed 2176K, reserved 1048576K
Event: 13503,323 GC heap after
Heap after GC invocations=301 (full 0):
 PSYoungGen      total 20992K, used 208K [0x00000000eab00000, 0x00000000ec080000, 0x0000000100000000)
  eden space 20480K, 0% used [0x00000000eab00000,0x00000000eab00000,0x00000000ebf00000)
  from space 512K, 40% used [0x00000000ebf80000,0x00000000ebfb4010,0x00000000ec000000)
  to   space 512K, 0% used [0x00000000ec000000,0x00000000ec000000,0x00000000ec080000)
 ParOldGen       total 58880K, used 14560K [0x00000000c0000000, 0x00000000c3980000, 0x00000000eab00000)
  object space 58880K, 24% used [0x00000000c0000000,0x00000000c0e38220,0x00000000c3980000)
 Metaspace       used 18520K, capacity 18832K, committed 19072K, reserved 1067008K
  class space    used 2017K, capacity 2127K, committed 2176K, reserved 1048576K
}
Event: 13562,736 GC heap before
{Heap before GC invocations=302 (full 0):
 PSYoungGen      total 20992K, used 20688K [0x00000000eab00000, 0x00000000ec080000, 0x0000000100000000)
  eden space 20480K, 100% used [0x00000000eab00000,0x00000000ebf00000,0x00000000ebf00000)
  from space 512K, 40% used [0x00000000ebf80000,0x00000000ebfb4010,0x00000000ec000000)
  to   space 512K, 0% used [0x00000000ec000000,0x00000000ec000000,0x00000000ec080000)
 ParOldGen       total 58880K, used 14560K [0x00000000c0000000, 0x00000000c3980000, 0x00000000eab00000)
  object space 58880K, 24% used [0x00000000c0000000,0x00000000c0e38220,0x00000000c3980000)
 Metaspace       used 18688K, capacity 18992K, committed 19328K, reserved 1067008K
  class space    used 2045K, capacity 2159K, committed 2176K, reserved 1048576K
Event: 13562,738 GC heap after
Heap after GC invocations=302 (full 0):
 PSYoungGen      total 20992K, used 192K [0x00000000eab00000, 0x00000000ec080000, 0x0000000100000000)
  eden space 20480K, 0% used [0x00000000eab00000,0x00000000eab00000,0x00000000ebf00000)
  from space 512K, 37% used [0x00000000ec000000,0x00000000ec030000,0x00000000ec080000)
  to   space 512K, 0% used [0x00000000ebf80000,0x00000000ebf80000,0x00000000ec000000)
 ParOldGen       total 58880K, used 14664K [0x00000000c0000000, 0x00000000c3980000, 0x00000000eab00000)
  object space 58880K, 24% used [0x00000000c0000000,0x00000000c0e52280,0x00000000c3980000)
 Metaspace       used 18688K, capacity 18992K, committed 19328K, reserved 1067008K
  class space    used 2045K, capacity 2159K, committed 2176K, reserved 1048576K
}

