# JRE version: OpenJDK Runtime Environment (8.0_141-b15) (build 1.8.0_141-BLFS-b15)
# Java VM: OpenJDK 64-Bit Server VM (25.141-b15 mixed mode linux-amd64 compressed oops)
Heap:
 PSYoungGen      total 19968K, used 11501K [0x00000000eab00000, 0x00000000ebf80000, 0x0000000100000000)
  eden space 19456K, 58% used [0x00000000eab00000,0x00000000eb62b790,0x00000000ebe00000)
  from space 512K, 12% used [0x00000000ebf00000,0x00000000ebf10000,0x00000000ebf80000)
  to   space 512K, 0% used [0x00000000ebe80000,0x00000000ebe80000,0x00000000ebf00000)
 ParOldGen       total 58880K, used 9746K [0x00000000c0000000, 0x00000000c3980000, 0x00000000eab00000)
  object space 58880K, 16% used [0x00000000c0000000,0x00000000c0984950,0x00000000c3980000)
 Metaspace       used 19500K, capacity 19864K, committed 20224K, reserved 1067008K
  class space    used 2121K, capacity 2231K, committed 2304K, reserved 1048576K
GC Heap History (10 events):
Event: 40536,613 GC heap before
{Heap before GC invocations=128 (full 0):
 PSYoungGen      total 19968K, used 19520K [0x00000000eab00000, 0x00000000ebf80000, 0x0000000100000000)
  eden space 19456K, 100% used [0x00000000eab00000,0x00000000ebe00000,0x00000000ebe00000)
  from space 512K, 12% used [0x00000000ebe80000,0x00000000ebe90000,0x00000000ebf00000)
  to   space 512K, 0% used [0x00000000ebf00000,0x00000000ebf00000,0x00000000ebf80000)
 ParOldGen       total 58880K, used 9698K [0x00000000c0000000, 0x00000000c3980000, 0x00000000eab00000)
  object space 58880K, 16% used [0x00000000c0000000,0x00000000c0978950,0x00000000c3980000)
 Metaspace       used 19499K, capacity 19864K, committed 20224K, reserved 1067008K
  class space    used 2121K, capacity 2231K, committed 2304K, reserved 1048576K
Event: 40536,615 GC heap after
Heap after GC invocations=128 (full 0):
 PSYoungGen      total 19968K, used 32K [0x00000000eab00000, 0x00000000ebf80000, 0x0000000100000000)
  eden space 19456K, 0% used [0x00000000eab00000,0x00000000eab00000,0x00000000ebe00000)
  from space 512K, 6% used [0x00000000ebf00000,0x00000000ebf08000,0x00000000ebf80000)
  to   space 512K, 0% used [0x00000000ebe80000,0x00000000ebe80000,0x00000000ebf00000)
 ParOldGen       total 58880K, used 9706K [0x00000000c0000000, 0x00000000c3980000, 0x00000000eab00000)
  object space 58880K, 16% used [0x00000000c0000000,0x00000000c097a950,0x00000000c3980000)
 Metaspace       used 19499K, capacity 19864K, committed 20224K, reserved 1067008K
  class space    used 2121K, capacity 2231K, committed 2304K, reserved 1048576K
}
Event: 40839,608 GC heap before
{Heap before GC invocations=129 (full 0):
 PSYoungGen      total 19968K, used 19488K [0x00000000eab00000, 0x00000000ebf80000, 0x0000000100000000)
  eden space 19456K, 100% used [0x00000000eab00000,0x00000000ebe00000,0x00000000ebe00000)
  from space 512K, 6% used [0x00000000ebf00000,0x00000000ebf08000,0x00000000ebf80000)
  to   space 512K, 0% used [0x00000000ebe80000,0x00000000ebe80000,0x00000000ebf00000)
 ParOldGen       total 58880K, used 9706K [0x00000000c0000000, 0x00000000c3980000, 0x00000000eab00000)
  object space 58880K, 16% used [0x00000000c0000000,0x00000000c097a950,0x00000000c3980000)
 Metaspace       used 19499K, capacity 19864K, committed 20224K, reserved 1067008K
  class space    used 2121K, capacity 2231K, committed 2304K, reserved 1048576K
Event: 40839,610 GC heap after
Heap after GC invocations=129 (full 0):
 PSYoungGen      total 19968K, used 64K [0x00000000eab00000, 0x00000000ebf80000, 0x0000000100000000)
  eden space 19456K, 0% used [0x00000000eab00000,0x00000000eab00000,0x00000000ebe00000)
  from space 512K, 12% used [0x00000000ebe80000,0x00000000ebe90000,0x00000000ebf00000)
  to   space 512K, 0% used [0x00000000ebf00000,0x00000000ebf00000,0x00000000ebf80000)
 ParOldGen       total 58880K, used 9722K [0x00000000c0000000, 0x00000000c3980000, 0x00000000eab00000)
  object space 58880K, 16% used [0x00000000c0000000,0x00000000c097e950,0x00000000c3980000)
 Metaspace       used 19499K, capacity 19864K, committed 20224K, reserved 1067008K
  class space    used 2121K, capacity 2231K, committed 2304K, reserved 1048576K
}
Event: 41116,608 GC heap before
{Heap before GC invocations=130 (full 0):
 PSYoungGen      total 19968K, used 19520K [0x00000000eab00000, 0x00000000ebf80000, 0x0000000100000000)
  eden space 19456K, 100% used [0x00000000eab00000,0x00000000ebe00000,0x00000000ebe00000)
  from space 512K, 12% used [0x00000000ebe80000,0x00000000ebe90000,0x00000000ebf00000)
  to   space 512K, 0% used [0x00000000ebf00000,0x00000000ebf00000,0x00000000ebf80000)
 ParOldGen       total 58880K, used 9722K [0x00000000c0000000, 0x00000000c3980000, 0x00000000eab00000)
  object space 58880K, 16% used [0x00000000c0000000,0x00000000c097e950,0x00000000c3980000)
 Metaspace       used 19499K, capacity 19864K, committed 20224K, reserved 1067008K
  class space    used 2121K, capacity 2231K, committed 2304K, reserved 1048576K
Event: 41116,610 GC heap after
Heap after GC invocations=130 (full 0):
 PSYoungGen      total 19968K, used 96K [0x00000000eab00000, 0x00000000ebf80000, 0x0000000100000000)
  eden space 19456K, 0% used [0x00000000eab00000,0x00000000eab00000,0x00000000ebe00000)
  from space 512K, 18% used [0x00000000ebf00000,0x00000000ebf18000,0x00000000ebf80000)
  to   space 512K, 0% used [0x00000000ebe80000,0x00000000ebe80000,0x00000000ebf00000)
 ParOldGen       total 58880K, used 9722K [0x00000000c0000000, 0x00000000c3980000, 0x00000000eab00000)
  object space 58880K, 16% used [0x00000000c0000000,0x00000000c097e950,0x00000000c3980000)
 Metaspace       used 19499K, capacity 19864K, committed 20224K, reserved 1067008K
  class space    used 2121K, capacity 2231K, committed 2304K, reserved 1048576K
}
Event: 41347,608 GC heap before
{Heap before GC invocations=131 (full 0):
 PSYoungGen      total 19968K, used 19552K [0x00000000eab00000, 0x00000000ebf80000, 0x0000000100000000)
  eden space 19456K, 100% used [0x00000000eab00000,0x00000000ebe00000,0x00000000ebe00000)
  from space 512K, 18% used [0x00000000ebf00000,0x00000000ebf18000,0x00000000ebf80000)
  to   space 512K, 0% used [0x00000000ebe80000,0x00000000ebe80000,0x00000000ebf00000)
 ParOldGen       total 58880K, used 9722K [0x00000000c0000000, 0x00000000c3980000, 0x00000000eab00000)
  object space 58880K, 16% used [0x00000000c0000000,0x00000000c097e950,0x00000000c3980000)
 Metaspace       used 19499K, capacity 19864K, committed 20224K, reserved 1067008K
  class space    used 2121K, capacity 2231K, committed 2304K, reserved 1048576K
Event: 41347,610 GC heap after
Heap after GC invocations=131 (full 0):
 PSYoungGen      total 19968K, used 32K [0x00000000eab00000, 0x00000000ebf80000, 0x0000000100000000)
  eden space 19456K, 0% used [0x00000000eab00000,0x00000000eab00000,0x00000000ebe00000)
  from space 512K, 6% used [0x00000000ebe80000,0x00000000ebe88000,0x00000000ebf00000)
  to   space 512K, 0% used [0x00000000ebf00000,0x00000000ebf00000,0x00000000ebf80000)
 ParOldGen       total 58880K, used 9738K [0x00000000c0000000, 0x00000000c3980000, 0x00000000eab00000)
  object space 58880K, 16% used [0x00000000c0000000,0x00000000c0982950,0x00000000c3980000)
 Metaspace       used 19499K, capacity 19864K, committed 20224K, reserved 1067008K
  class space    used 2121K, capacity 2231K, committed 2304K, reserved 1048576K
}
Event: 41614,612 GC heap before
{Heap before GC invocations=132 (full 0):
 PSYoungGen      total 19968K, used 19488K [0x00000000eab00000, 0x00000000ebf80000, 0x0000000100000000)
  eden space 19456K, 100% used [0x00000000eab00000,0x00000000ebe00000,0x00000000ebe00000)
  from space 512K, 6% used [0x00000000ebe80000,0x00000000ebe88000,0x00000000ebf00000)
  to   space 512K, 0% used [0x00000000ebf00000,0x00000000ebf00000,0x00000000ebf80000)
 ParOldGen       total 58880K, used 9738K [0x00000000c0000000, 0x00000000c3980000, 0x00000000eab00000)
  object space 58880K, 16% used [0x00000000c0000000,0x00000000c0982950,0x00000000c3980000)
 Metaspace       used 19499K, capacity 19864K, committed 20224K, reserved 1067008K
  class space    used 2121K, capacity 2231K, committed 2304K, reserved 1048576K
Event: 41614,615 GC heap after
Heap after GC invocations=132 (full 0):
 PSYoungGen      total 19968K, used 64K [0x00000000eab00000, 0x00000000ebf80000, 0x0000000100000000)
  eden space 19456K, 0% used [0x00000000eab00000,0x00000000eab00000,0x00000000ebe00000)
  from space 512K, 12% used [0x00000000ebf00000,0x00000000ebf10000,0x00000000ebf80000)
  to   space 512K, 0% used [0x00000000ebe80000,0x00000000ebe80000,0x00000000ebf00000)
 ParOldGen       total 58880K, used 9746K [0x00000000c0000000, 0x00000000c3980000, 0x00000000eab00000)
  object space 58880K, 16% used [0x00000000c0000000,0x00000000c0984950,0x00000000c3980000)
 Metaspace       used 19499K, capacity 19864K, committed 20224K, reserved 1067008K
  class space    used 2121K, capacity 2231K, committed 2304K, reserved 1048576K
}

