# JRE version: OpenJDK Runtime Environment (8.0_141-b15) (build 1.8.0_141-BLFS-b15)
# Java VM: OpenJDK 64-Bit Server VM (25.141-b15 mixed mode linux-amd64 compressed oops)
Heap:
 PSYoungGen      total 25088K, used 18874K [0x00000000eab00000, 0x00000000ec800000, 0x0000000100000000)
  eden space 24576K, 75% used [0x00000000eab00000,0x00000000ebd29e58,0x00000000ec300000)
  from space 512K, 53% used [0x00000000ec780000,0x00000000ec7c4af0,0x00000000ec800000)
  to   space 512K, 0% used [0x00000000ec700000,0x00000000ec700000,0x00000000ec780000)
 ParOldGen       total 58880K, used 37325K [0x00000000c0000000, 0x00000000c3980000, 0x00000000eab00000)
  object space 58880K, 63% used [0x00000000c0000000,0x00000000c2473650,0x00000000c3980000)
 Metaspace       used 19849K, capacity 20158K, committed 20480K, reserved 1067008K
  class space    used 2159K, capacity 2270K, committed 2304K, reserved 1048576K
GC Heap History (10 events):
Event: 9549,031 GC heap before
{Heap before GC invocations=684 (full 0):
 PSYoungGen      total 20992K, used 20640K [0x00000000eab00000, 0x00000000ec800000, 0x0000000100000000)
  eden space 20480K, 100% used [0x00000000eab00000,0x00000000ebf00000,0x00000000ebf00000)
  from space 512K, 31% used [0x00000000ec700000,0x00000000ec728000,0x00000000ec780000)
  to   space 512K, 0% used [0x00000000ec780000,0x00000000ec780000,0x00000000ec800000)
 ParOldGen       total 58880K, used 35668K [0x00000000c0000000, 0x00000000c3980000, 0x00000000eab00000)
  object space 58880K, 60% used [0x00000000c0000000,0x00000000c22d5128,0x00000000c3980000)
 Metaspace       used 19807K, capacity 20158K, committed 20480K, reserved 1067008K
  class space    used 2159K, capacity 2270K, committed 2304K, reserved 1048576K
Event: 9549,034 GC heap after
Heap after GC invocations=684 (full 0):
 PSYoungGen      total 20992K, used 176K [0x00000000eab00000, 0x00000000ec800000, 0x0000000100000000)
  eden space 20480K, 0% used [0x00000000eab00000,0x00000000eab00000,0x00000000ebf00000)
  from space 512K, 34% used [0x00000000ec780000,0x00000000ec7ac230,0x00000000ec800000)
  to   space 512K, 0% used [0x00000000ec700000,0x00000000ec700000,0x00000000ec780000)
 ParOldGen       total 58880K, used 35708K [0x00000000c0000000, 0x00000000c3980000, 0x00000000eab00000)
  object space 58880K, 60% used [0x00000000c0000000,0x00000000c22df158,0x00000000c3980000)
 Metaspace       used 19807K, capacity 20158K, committed 20480K, reserved 1067008K
  class space    used 2159K, capacity 2270K, committed 2304K, reserved 1048576K
}
Event: 9550,302 GC heap before
{Heap before GC invocations=685 (full 0):
 PSYoungGen      total 20992K, used 20656K [0x00000000eab00000, 0x00000000ec800000, 0x0000000100000000)
  eden space 20480K, 100% used [0x00000000eab00000,0x00000000ebf00000,0x00000000ebf00000)
  from space 512K, 34% used [0x00000000ec780000,0x00000000ec7ac230,0x00000000ec800000)
  to   space 512K, 0% used [0x00000000ec700000,0x00000000ec700000,0x00000000ec780000)
 ParOldGen       total 58880K, used 35708K [0x00000000c0000000, 0x00000000c3980000, 0x00000000eab00000)
  object space 58880K, 60% used [0x00000000c0000000,0x00000000c22df158,0x00000000c3980000)
 Metaspace       used 19807K, capacity 20158K, committed 20480K, reserved 1067008K
  class space    used 2159K, capacity 2270K, committed 2304K, reserved 1048576K
Event: 9550,305 GC heap after
Heap after GC invocations=685 (full 0):
 PSYoungGen      total 20992K, used 224K [0x00000000eab00000, 0x00000000ec800000, 0x0000000100000000)
  eden space 20480K, 0% used [0x00000000eab00000,0x00000000eab00000,0x00000000ebf00000)
  from space 512K, 43% used [0x00000000ec700000,0x00000000ec738240,0x00000000ec780000)
  to   space 512K, 0% used [0x00000000ec780000,0x00000000ec780000,0x00000000ec800000)
 ParOldGen       total 58880K, used 35765K [0x00000000c0000000, 0x00000000c3980000, 0x00000000eab00000)
  object space 58880K, 60% used [0x00000000c0000000,0x00000000c22ed5b8,0x00000000c3980000)
 Metaspace       used 19807K, capacity 20158K, committed 20480K, reserved 1067008K
  class space    used 2159K, capacity 2270K, committed 2304K, reserved 1048576K
}
Event: 9551,980 GC heap before
{Heap before GC invocations=686 (full 0):
 PSYoungGen      total 20992K, used 20704K [0x00000000eab00000, 0x00000000ec800000, 0x0000000100000000)
  eden space 20480K, 100% used [0x00000000eab00000,0x00000000ebf00000,0x00000000ebf00000)
  from space 512K, 43% used [0x00000000ec700000,0x00000000ec738240,0x00000000ec780000)
  to   space 512K, 0% used [0x00000000ec780000,0x00000000ec780000,0x00000000ec800000)
 ParOldGen       total 58880K, used 35765K [0x00000000c0000000, 0x00000000c3980000, 0x00000000eab00000)
  object space 58880K, 60% used [0x00000000c0000000,0x00000000c22ed5b8,0x00000000c3980000)
 Metaspace       used 19809K, capacity 20158K, committed 20480K, reserved 1067008K
  class space    used 2159K, capacity 2270K, committed 2304K, reserved 1048576K
Event: 9551,983 GC heap after
Heap after GC invocations=686 (full 0):
 PSYoungGen      total 20992K, used 416K [0x00000000eab00000, 0x00000000ec800000, 0x0000000100000000)
  eden space 20480K, 0% used [0x00000000eab00000,0x00000000eab00000,0x00000000ebf00000)
  from space 512K, 81% used [0x00000000ec780000,0x00000000ec7e8270,0x00000000ec800000)
  to   space 512K, 0% used [0x00000000ec700000,0x00000000ec700000,0x00000000ec780000)
 ParOldGen       total 58880K, used 35862K [0x00000000c0000000, 0x00000000c3980000, 0x00000000eab00000)
  object space 58880K, 60% used [0x00000000c0000000,0x00000000c2305a48,0x00000000c3980000)
 Metaspace       used 19809K, capacity 20158K, committed 20480K, reserved 1067008K
  class space    used 2159K, capacity 2270K, committed 2304K, reserved 1048576K
}
Event: 9553,719 GC heap before
{Heap before GC invocations=687 (full 0):
 PSYoungGen      total 20992K, used 20896K [0x00000000eab00000, 0x00000000ec800000, 0x0000000100000000)
  eden space 20480K, 100% used [0x00000000eab00000,0x00000000ebf00000,0x00000000ebf00000)
  from space 512K, 81% used [0x00000000ec780000,0x00000000ec7e8270,0x00000000ec800000)
  to   space 512K, 0% used [0x00000000ec700000,0x00000000ec700000,0x00000000ec780000)
 ParOldGen       total 58880K, used 35862K [0x00000000c0000000, 0x00000000c3980000, 0x00000000eab00000)
  object space 58880K, 60% used [0x00000000c0000000,0x00000000c2305a48,0x00000000c3980000)
 Metaspace       used 19811K, capacity 20158K, committed 20480K, reserved 1067008K
  class space    used 2159K, capacity 2270K, committed 2304K, reserved 1048576K
Event: 9553,721 GC heap after
Heap after GC invocations=687 (full 0):
 PSYoungGen      total 20992K, used 481K [0x00000000eab00000, 0x00000000ec800000, 0x0000000100000000)
  eden space 20480K, 0% used [0x00000000eab00000,0x00000000eab00000,0x00000000ebf00000)
  from space 512K, 93% used [0x00000000ec700000,0x00000000ec778490,0x00000000ec780000)
  to   space 512K, 0% used [0x00000000ec780000,0x00000000ec780000,0x00000000ec800000)
 ParOldGen       total 58880K, used 36138K [0x00000000c0000000, 0x00000000c3980000, 0x00000000eab00000)
  object space 58880K, 61% used [0x00000000c0000000,0x00000000c234a8f0,0x00000000c3980000)
 Metaspace       used 19811K, capacity 20158K, committed 20480K, reserved 1067008K
  class space    used 2159K, capacity 2270K, committed 2304K, reserved 1048576K
}
Event: 9563,626 GC heap before
{Heap before GC invocations=688 (full 0):
 PSYoungGen      total 20992K, used 20960K [0x00000000eab00000, 0x00000000ec800000, 0x0000000100000000)
  eden space 20480K, 99% used [0x00000000eab00000,0x00000000ebeffcc8,0x00000000ebf00000)
  from space 512K, 93% used [0x00000000ec700000,0x00000000ec778490,0x00000000ec780000)
  to   space 512K, 0% used [0x00000000ec780000,0x00000000ec780000,0x00000000ec800000)
 ParOldGen       total 58880K, used 36138K [0x00000000c0000000, 0x00000000c3980000, 0x00000000eab00000)
  object space 58880K, 61% used [0x00000000c0000000,0x00000000c234a8f0,0x00000000c3980000)
 Metaspace       used 19817K, capacity 20158K, committed 20480K, reserved 1067008K
  class space    used 2159K, capacity 2270K, committed 2304K, reserved 1048576K
Event: 9565,078 GC heap after
Heap after GC invocations=688 (full 0):
 PSYoungGen      total 25088K, used 274K [0x00000000eab00000, 0x00000000ec800000, 0x0000000100000000)
  eden space 24576K, 0% used [0x00000000eab00000,0x00000000eab00000,0x00000000ec300000)
  from space 512K, 53% used [0x00000000ec780000,0x00000000ec7c4af0,0x00000000ec800000)
  to   space 512K, 0% used [0x00000000ec700000,0x00000000ec700000,0x00000000ec780000)
 ParOldGen       total 58880K, used 37325K [0x00000000c0000000, 0x00000000c3980000, 0x00000000eab00000)
  object space 58880K, 63% used [0x00000000c0000000,0x00000000c2473650,0x00000000c3980000)
 Metaspace       used 19817K, capacity 20158K, committed 20480K, reserved 1067008K
  class space    used 2159K, capacity 2270K, committed 2304K, reserved 1048576K
}

